<?xml version="1.0" encoding="UTF-8"?>
<!-- Generated by org.testng.reporters.JUnitXMLReporter -->
<testsuite ignored="0" hostname="LAPTOP-IKS9SD1L" failures="0" tests="3" name="ChromeTest" time="17.33" errors="0" timestamp="2022-07-29T20:03:55 IST">
  <testcase classname="TestNGPrograms.CrossBrowserTest" name="loginkite" time="3.749"/>
  <testcase classname="TestNGPrograms.CrossBrowserTest" name="loginkitepin" time="3.989"/>
  <testcase classname="TestNGPrograms.CrossBrowserTest" name="CheckTitleTest" time="1.018"/>
</testsuite> <!-- ChromeTest -->
