<?xml version="1.0" encoding="UTF-8"?>
<!-- Generated by org.testng.reporters.JUnitXMLReporter -->
<testsuite ignored="0" hostname="LAPTOP-IKS9SD1L" failures="0" tests="3" name="EdgeTest" time="18.676" errors="0" timestamp="2022-07-29T20:03:56 IST">
  <testcase classname="TestNGPrograms.CrossBrowserTest" name="loginkite" time="2.165"/>
  <testcase classname="TestNGPrograms.CrossBrowserTest" name="loginkitepin" time="3.253"/>
  <testcase classname="TestNGPrograms.CrossBrowserTest" name="CheckTitleTest" time="0.09"/>
</testsuite> <!-- EdgeTest -->
