<?xml version="1.0" encoding="UTF-8"?>
<!-- Generated by org.testng.reporters.JUnitXMLReporter -->
<testsuite ignored="0" hostname="LAPTOP-IKS9SD1L" failures="0" tests="3" name="FirefoxTest" time="26.012" errors="0" timestamp="2022-07-29T20:04:04 IST">
  <testcase classname="TestNGPrograms.CrossBrowserTest" name="loginkite" time="1.714"/>
  <testcase classname="TestNGPrograms.CrossBrowserTest" name="loginkitepin" time="5.205"/>
  <testcase classname="TestNGPrograms.CrossBrowserTest" name="CheckTitleTest" time="0.019"/>
</testsuite> <!-- FirefoxTest -->
