<?xml version="1.0" encoding="UTF-8"?>
<testng-results ignored="0" total="1" passed="1" failed="0" skipped="0">
  <reporter-output>
  </reporter-output>
  <suite started-at="2022-07-23T19:41:20 IST" name="Default suite" finished-at="2022-07-23T19:41:20 IST" duration-ms="89">
    <groups>
    </groups>
    <test started-at="2022-07-23T19:41:20 IST" name="Default test" finished-at="2022-07-23T19:41:20 IST" duration-ms="89">
      <class name="TestNGPrograms.SecondTest">
        <test-method signature="second()[pri:0, instance:TestNGPrograms.SecondTest@3f191845]" started-at="2022-07-23T19:41:20 IST" name="second" finished-at="2022-07-23T19:41:20 IST" duration-ms="20" status="PASS">
          <reporter-output>
          </reporter-output>
        </test-method> <!-- second -->
      </class> <!-- TestNGPrograms.SecondTest -->
    </test> <!-- Default test -->
  </suite> <!-- Default suite -->
</testng-results>
